2024/05/01 09:43:28 - INFO - Running Archivematica Package Prep version 0.2.6
2024/05/01 09:43:28 - INFO - Copying test/tamwag_tam762_TW_TAM_762_ER_20-d37710a9-51cb-46d9-af1a-8170348e23a0 to staging/tamwag_tam762_TW_TAM_762_ER_20-d37710a9-51cb-46d9-af1a-8170348e23a0
2024/05/01 09:43:28 - INFO - Processing staging/tamwag_tam762_TW_TAM_762_ER_20-d37710a9-51cb-46d9-af1a-8170348e23a0
2024/05/01 09:43:28 - INFO - Verifying checksum for file /home/dm3053/source/repos/archivematica-package-prep/staging/tamwag_tam762_TW_TAM_762_ER_20-d37710a9-51cb-46d9-af1a-8170348e23a0/data/logs/FileUUIDs.log
2024/05/01 09:43:28 - INFO - Verifying checksum for file /home/dm3053/source/repos/archivematica-package-prep/staging/tamwag_tam762_TW_TAM_762_ER_20-d37710a9-51cb-46d9-af1a-8170348e23a0/data/logs/fileFormatIdentification.log
2024/05/01 09:43:28 - INFO - Verifying checksum for file /home/dm3053/source/repos/archivematica-package-prep/staging/tamwag_tam762_TW_TAM_762_ER_20-d37710a9-51cb-46d9-af1a-8170348e23a0/data/objects/TW_TAM_762_ER_20/100-HQ-405573_v._1.PDF
2024/05/01 09:43:28 - INFO - Verifying checksum for file /home/dm3053/source/repos/archivematica-package-prep/staging/tamwag_tam762_TW_TAM_762_ER_20-d37710a9-51cb-46d9-af1a-8170348e23a0/data/objects/metadata/transfers/tamwag_tam762_TW_TAM_762_ER_20-f710f314-0c47-4406-a0af-a0d30e763c69/transfer-info.txt
2024/05/01 09:43:28 - INFO - Verifying checksum for file /home/dm3053/source/repos/archivematica-package-prep/staging/tamwag_tam762_TW_TAM_762_ER_20-d37710a9-51cb-46d9-af1a-8170348e23a0/data/objects/metadata/transfers/tamwag_tam762_TW_TAM_762_ER_20-f710f314-0c47-4406-a0af-a0d30e763c69/dc.json
2024/05/01 09:43:28 - INFO - Verifying checksum for file /home/dm3053/source/repos/archivematica-package-prep/staging/tamwag_tam762_TW_TAM_762_ER_20-d37710a9-51cb-46d9-af1a-8170348e23a0/data/objects/submissionDocumentation/transfer-tamwag_tam762_TW_TAM_762_ER_20-f710f314-0c47-4406-a0af-a0d30e763c69/METS.xml
2024/05/01 09:43:28 - INFO - Verifying checksum for file /home/dm3053/source/repos/archivematica-package-prep/staging/tamwag_tam762_TW_TAM_762_ER_20-d37710a9-51cb-46d9-af1a-8170348e23a0/data/METS.d37710a9-51cb-46d9-af1a-8170348e23a0.xml
2024/05/01 09:43:28 - INFO - Verifying checksum for file /home/dm3053/source/repos/archivematica-package-prep/staging/tamwag_tam762_TW_TAM_762_ER_20-d37710a9-51cb-46d9-af1a-8170348e23a0/data/logs/filenameChanges.log
2024/05/01 09:43:28 - INFO - Verifying checksum for file /home/dm3053/source/repos/archivematica-package-prep/staging/tamwag_tam762_TW_TAM_762_ER_20-d37710a9-51cb-46d9-af1a-8170348e23a0/data/logs/transfers/tamwag_tam762_TW_TAM_762_ER_20-f710f314-0c47-4406-a0af-a0d30e763c69/logs/fileFormatIdentification.log
2024/05/01 09:43:28 - INFO - Verifying checksum for file /home/dm3053/source/repos/archivematica-package-prep/staging/tamwag_tam762_TW_TAM_762_ER_20-d37710a9-51cb-46d9-af1a-8170348e23a0/data/logs/transfers/tamwag_tam762_TW_TAM_762_ER_20-f710f314-0c47-4406-a0af-a0d30e763c69/logs/filenameChanges.log
2024/05/01 09:43:28 - INFO - Verifying checksum for file /home/dm3053/source/repos/archivematica-package-prep/staging/tamwag_tam762_TW_TAM_762_ER_20-d37710a9-51cb-46d9-af1a-8170348e23a0/data/objects/metadata/transfers/tamwag_tam762_TW_TAM_762_ER_20-f710f314-0c47-4406-a0af-a0d30e763c69/tamwag_tam762_TW_TAM_762_ER_20_aspace_wo.tsv
2024/05/01 09:43:28 - INFO - Verifying checksum for file /home/dm3053/source/repos/archivematica-package-prep/staging/tamwag_tam762_TW_TAM_762_ER_20-d37710a9-51cb-46d9-af1a-8170348e23a0/data/README.html
2024/05/01 09:43:28 - INFO - Verifying checksum for file /home/dm3053/source/repos/archivematica-package-prep/staging/tamwag_tam762_TW_TAM_762_ER_20-d37710a9-51cb-46d9-af1a-8170348e23a0/data/logs/transfers/tamwag_tam762_TW_TAM_762_ER_20-f710f314-0c47-4406-a0af-a0d30e763c69/logs/FileUUIDs.log
2024/05/01 09:43:28 - INFO - Verifying checksum for file /home/dm3053/source/repos/archivematica-package-prep/staging/tamwag_tam762_TW_TAM_762_ER_20-d37710a9-51cb-46d9-af1a-8170348e23a0/data/objects/TW_TAM_762_ER_20/100-HQ-405573_v._1-6052e4c4-e16b-45d4-bf17-59b995f23ff1.pdf
2024/05/01 09:43:28 - INFO - Verifying checksum for file /home/dm3053/source/repos/archivematica-package-prep/staging/tamwag_tam762_TW_TAM_762_ER_20-d37710a9-51cb-46d9-af1a-8170348e23a0/data/objects/TW_TAM_762_ER_20/100-SF-37547_v._1-219380a9-c873-48a9-aa31-f09953c41641.pdf
2024/05/01 09:43:28 - INFO - Verifying checksum for file /home/dm3053/source/repos/archivematica-package-prep/staging/tamwag_tam762_TW_TAM_762_ER_20-d37710a9-51cb-46d9-af1a-8170348e23a0/data/objects/TW_TAM_762_ER_20/100-SF-37547_v._1.PDF
2024/05/01 09:43:28 - INFO - Verifying checksum for file /home/dm3053/source/repos/archivematica-package-prep/staging/tamwag_tam762_TW_TAM_762_ER_20-d37710a9-51cb-46d9-af1a-8170348e23a0/data/objects/metadata/transfers/tamwag_tam762_TW_TAM_762_ER_20-f710f314-0c47-4406-a0af-a0d30e763c69/directory_tree.txt
2024/05/01 09:43:28 - INFO - Verifying checksum for file /home/dm3053/source/repos/archivematica-package-prep/staging/tamwag_tam762_TW_TAM_762_ER_20-d37710a9-51cb-46d9-af1a-8170348e23a0/bagit.txt
2024/05/01 09:43:28 - INFO - Verifying checksum for file /home/dm3053/source/repos/archivematica-package-prep/staging/tamwag_tam762_TW_TAM_762_ER_20-d37710a9-51cb-46d9-af1a-8170348e23a0/manifest-sha256.txt
2024/05/01 09:43:28 - INFO - Verifying checksum for file /home/dm3053/source/repos/archivematica-package-prep/staging/tamwag_tam762_TW_TAM_762_ER_20-d37710a9-51cb-46d9-af1a-8170348e23a0/bag-info.txt
2024/05/01 09:43:28 - INFO - Verifying checksum for file /home/dm3053/source/repos/archivematica-package-prep/staging/tamwag_tam762_TW_TAM_762_ER_20-d37710a9-51cb-46d9-af1a-8170348e23a0/bagit.txt
2024/05/01 09:43:28 - INFO - Verifying checksum for file /home/dm3053/source/repos/archivematica-package-prep/staging/tamwag_tam762_TW_TAM_762_ER_20-d37710a9-51cb-46d9-af1a-8170348e23a0/manifest-sha256.txt
2024/05/01 09:43:28 - INFO - Verifying checksum for file /home/dm3053/source/repos/archivematica-package-prep/staging/tamwag_tam762_TW_TAM_762_ER_20-d37710a9-51cb-46d9-af1a-8170348e23a0/bag-info.txt
2024/05/01 09:43:28 - INFO - staging/tamwag_tam762_TW_TAM_762_ER_20-d37710a9-51cb-46d9-af1a-8170348e23a0 is valid
2024/05/01 09:43:28 - INFO - work order is valid
2024/05/01 09:43:28 staging/tamwag_tam762_TW_TAM_762_ER_20-d37710a9-51cb-46d9-af1a-8170348e23a0/tamwag_tam762_TW_TAM_762_ER_20_aspace_wo.tsv
2024/05/01 09:43:28 - INFO - copying file staging/tamwag_tam762_TW_TAM_762_ER_20-d37710a9-51cb-46d9-af1a-8170348e23a0/data/objects/metadata/transfers/tamwag_tam762_TW_TAM_762_ER_20-f710f314-0c47-4406-a0af-a0d30e763c69/tamwag_tam762_TW_TAM_762_ER_20_aspace_wo.tsv to staging/tamwag_tam762_TW_TAM_762_ER_20-d37710a9-51cb-46d9-af1a-8170348e23a0
2024/05/01 09:43:28 - INFO - Adding tamwag_tam762_TW_TAM_762_ER_20_aspace_wo.tsv to tagmanifest-sha256.txt
2024/05/01 09:43:28 - INFO - generating checksum for tamwag_tam762_TW_TAM_762_ER_20_aspace_wo.tsv using sha256 algorithm
2024/05/01 09:43:28 - INFO - Verifying checksum for file /home/dm3053/source/repos/archivematica-package-prep/staging/tamwag_tam762_TW_TAM_762_ER_20-d37710a9-51cb-46d9-af1a-8170348e23a0/data/logs/fileFormatIdentification.log
2024/05/01 09:43:28 - INFO - Verifying checksum for file /home/dm3053/source/repos/archivematica-package-prep/staging/tamwag_tam762_TW_TAM_762_ER_20-d37710a9-51cb-46d9-af1a-8170348e23a0/data/logs/transfers/tamwag_tam762_TW_TAM_762_ER_20-f710f314-0c47-4406-a0af-a0d30e763c69/logs/filenameChanges.log
2024/05/01 09:43:28 - INFO - Verifying checksum for file /home/dm3053/source/repos/archivematica-package-prep/staging/tamwag_tam762_TW_TAM_762_ER_20-d37710a9-51cb-46d9-af1a-8170348e23a0/data/objects/submissionDocumentation/transfer-tamwag_tam762_TW_TAM_762_ER_20-f710f314-0c47-4406-a0af-a0d30e763c69/METS.xml
2024/05/01 09:43:28 - INFO - Verifying checksum for file /home/dm3053/source/repos/archivematica-package-prep/staging/tamwag_tam762_TW_TAM_762_ER_20-d37710a9-51cb-46d9-af1a-8170348e23a0/data/logs/FileUUIDs.log
2024/05/01 09:43:28 - INFO - Verifying checksum for file /home/dm3053/source/repos/archivematica-package-prep/staging/tamwag_tam762_TW_TAM_762_ER_20-d37710a9-51cb-46d9-af1a-8170348e23a0/data/logs/filenameChanges.log
2024/05/01 09:43:28 - INFO - Verifying checksum for file /home/dm3053/source/repos/archivematica-package-prep/staging/tamwag_tam762_TW_TAM_762_ER_20-d37710a9-51cb-46d9-af1a-8170348e23a0/data/objects/metadata/transfers/tamwag_tam762_TW_TAM_762_ER_20-f710f314-0c47-4406-a0af-a0d30e763c69/tamwag_tam762_TW_TAM_762_ER_20_aspace_wo.tsv
2024/05/01 09:43:28 - INFO - Verifying checksum for file /home/dm3053/source/repos/archivematica-package-prep/staging/tamwag_tam762_TW_TAM_762_ER_20-d37710a9-51cb-46d9-af1a-8170348e23a0/data/objects/metadata/transfers/tamwag_tam762_TW_TAM_762_ER_20-f710f314-0c47-4406-a0af-a0d30e763c69/transfer-info.txt
2024/05/01 09:43:28 - INFO - Verifying checksum for file /home/dm3053/source/repos/archivematica-package-prep/staging/tamwag_tam762_TW_TAM_762_ER_20-d37710a9-51cb-46d9-af1a-8170348e23a0/data/README.html
2024/05/01 09:43:28 - INFO - Verifying checksum for file /home/dm3053/source/repos/archivematica-package-prep/staging/tamwag_tam762_TW_TAM_762_ER_20-d37710a9-51cb-46d9-af1a-8170348e23a0/data/logs/transfers/tamwag_tam762_TW_TAM_762_ER_20-f710f314-0c47-4406-a0af-a0d30e763c69/logs/FileUUIDs.log
2024/05/01 09:43:28 - INFO - Verifying checksum for file /home/dm3053/source/repos/archivematica-package-prep/staging/tamwag_tam762_TW_TAM_762_ER_20-d37710a9-51cb-46d9-af1a-8170348e23a0/data/objects/TW_TAM_762_ER_20/100-HQ-405573_v._1-6052e4c4-e16b-45d4-bf17-59b995f23ff1.pdf
2024/05/01 09:43:28 - INFO - Verifying checksum for file /home/dm3053/source/repos/archivematica-package-prep/staging/tamwag_tam762_TW_TAM_762_ER_20-d37710a9-51cb-46d9-af1a-8170348e23a0/data/objects/TW_TAM_762_ER_20/100-HQ-405573_v._1.PDF
2024/05/01 09:43:28 - INFO - Verifying checksum for file /home/dm3053/source/repos/archivematica-package-prep/staging/tamwag_tam762_TW_TAM_762_ER_20-d37710a9-51cb-46d9-af1a-8170348e23a0/data/objects/metadata/transfers/tamwag_tam762_TW_TAM_762_ER_20-f710f314-0c47-4406-a0af-a0d30e763c69/directory_tree.txt
2024/05/01 09:43:28 - INFO - Verifying checksum for file /home/dm3053/source/repos/archivematica-package-prep/staging/tamwag_tam762_TW_TAM_762_ER_20-d37710a9-51cb-46d9-af1a-8170348e23a0/data/METS.d37710a9-51cb-46d9-af1a-8170348e23a0.xml
2024/05/01 09:43:28 - INFO - Verifying checksum for file /home/dm3053/source/repos/archivematica-package-prep/staging/tamwag_tam762_TW_TAM_762_ER_20-d37710a9-51cb-46d9-af1a-8170348e23a0/data/logs/transfers/tamwag_tam762_TW_TAM_762_ER_20-f710f314-0c47-4406-a0af-a0d30e763c69/logs/fileFormatIdentification.log
2024/05/01 09:43:28 - INFO - Verifying checksum for file /home/dm3053/source/repos/archivematica-package-prep/staging/tamwag_tam762_TW_TAM_762_ER_20-d37710a9-51cb-46d9-af1a-8170348e23a0/data/objects/TW_TAM_762_ER_20/100-SF-37547_v._1-219380a9-c873-48a9-aa31-f09953c41641.pdf
2024/05/01 09:43:28 - INFO - Verifying checksum for file /home/dm3053/source/repos/archivematica-package-prep/staging/tamwag_tam762_TW_TAM_762_ER_20-d37710a9-51cb-46d9-af1a-8170348e23a0/data/objects/TW_TAM_762_ER_20/100-SF-37547_v._1.PDF
2024/05/01 09:43:28 - INFO - Verifying checksum for file /home/dm3053/source/repos/archivematica-package-prep/staging/tamwag_tam762_TW_TAM_762_ER_20-d37710a9-51cb-46d9-af1a-8170348e23a0/data/objects/metadata/transfers/tamwag_tam762_TW_TAM_762_ER_20-f710f314-0c47-4406-a0af-a0d30e763c69/dc.json
2024/05/01 09:43:28 - INFO - Verifying checksum for file /home/dm3053/source/repos/archivematica-package-prep/staging/tamwag_tam762_TW_TAM_762_ER_20-d37710a9-51cb-46d9-af1a-8170348e23a0/tamwag_tam762_TW_TAM_762_ER_20_aspace_wo.tsv
2024/05/01 09:43:28 - INFO - Verifying checksum for file /home/dm3053/source/repos/archivematica-package-prep/staging/tamwag_tam762_TW_TAM_762_ER_20-d37710a9-51cb-46d9-af1a-8170348e23a0/bagit.txt
2024/05/01 09:43:28 - INFO - Verifying checksum for file /home/dm3053/source/repos/archivematica-package-prep/staging/tamwag_tam762_TW_TAM_762_ER_20-d37710a9-51cb-46d9-af1a-8170348e23a0/manifest-sha256.txt
2024/05/01 09:43:28 - INFO - Verifying checksum for file /home/dm3053/source/repos/archivematica-package-prep/staging/tamwag_tam762_TW_TAM_762_ER_20-d37710a9-51cb-46d9-af1a-8170348e23a0/bag-info.txt
2024/05/01 09:43:28 - INFO - Verifying checksum for file /home/dm3053/source/repos/archivematica-package-prep/staging/tamwag_tam762_TW_TAM_762_ER_20-d37710a9-51cb-46d9-af1a-8170348e23a0/bag-info.txt
2024/05/01 09:43:28 - INFO - Verifying checksum for file /home/dm3053/source/repos/archivematica-package-prep/staging/tamwag_tam762_TW_TAM_762_ER_20-d37710a9-51cb-46d9-af1a-8170348e23a0/tamwag_tam762_TW_TAM_762_ER_20_aspace_wo.tsv
2024/05/01 09:43:28 - INFO - Verifying checksum for file /home/dm3053/source/repos/archivematica-package-prep/staging/tamwag_tam762_TW_TAM_762_ER_20-d37710a9-51cb-46d9-af1a-8170348e23a0/bagit.txt
2024/05/01 09:43:28 - INFO - Verifying checksum for file /home/dm3053/source/repos/archivematica-package-prep/staging/tamwag_tam762_TW_TAM_762_ER_20-d37710a9-51cb-46d9-af1a-8170348e23a0/manifest-sha256.txt
2024/05/01 09:43:28 - INFO - staging/tamwag_tam762_TW_TAM_762_ER_20-d37710a9-51cb-46d9-af1a-8170348e23a0 is valid
